<?xml version="1.0" encoding="UTF-8"?>
<!-- Generated by org.testng.reporters.JUnitXMLReporter -->
<testsuite ignored="0" hostname="LAPTOP-KCHLP7K3" failures="0" tests="8" name="Default test" time="14.246" errors="0" timestamp="2022-04-11T16:14:33 PKT">
  <testcase classname="apiTests.BookingTest" name="createBooking" time="1.848"/>
  <testcase classname="apiTests.BookingTest" name="getBookingById" time="1.09"/>
  <testcase classname="apiTests.BookingTest" name="getBookingIds" time="1.086"/>
  <testcase classname="apiTests.BookingTest" name="getBookingIdsByCheckinCheckout" time="1.071"/>
  <testcase classname="apiTests.BookingTest" name="getBookingIdsByName" time="1.109"/>
  <testcase classname="apiTests.BookingTest" name="updateBooking" time="1.165"/>
  <testcase classname="apiTests.BookingTest" name="updatePartialBooking" time="1.103"/>
  <testcase classname="apiTests.BookingTest" name="deleteBooking" time="2.164"/>
</testsuite> <!-- Default test -->
