<?xml version="1.0" encoding="UTF-8"?>
<testng-results ignored="0" total="8" passed="8" failed="0" skipped="0">
  <reporter-output>
  </reporter-output>
  <suite started-at="2022-04-11T16:14:19 PKT" name="Default suite" finished-at="2022-04-11T16:14:33 PKT" duration-ms="14246">
    <groups>
    </groups>
    <test started-at="2022-04-11T16:14:19 PKT" name="Default test" finished-at="2022-04-11T16:14:33 PKT" duration-ms="14246">
      <class name="apiTests.BookingTest">
        <test-method is-config="true" signature="setup()[pri:0, instance:apiTests.BookingTest@56cdfb3b]" started-at="2022-04-11T16:14:19 PKT" name="setup" finished-at="2022-04-11T16:14:22 PKT" duration-ms="3561" status="PASS">
          <reporter-output>
          </reporter-output>
        </test-method> <!-- setup -->
        <test-method signature="createBooking()[pri:0, instance:apiTests.BookingTest@56cdfb3b]" started-at="2022-04-11T16:14:22 PKT" name="createBooking" finished-at="2022-04-11T16:14:24 PKT" duration-ms="1848" status="PASS">
          <reporter-output>
          </reporter-output>
        </test-method> <!-- createBooking -->
        <test-method signature="getBookingById()[pri:0, instance:apiTests.BookingTest@56cdfb3b]" started-at="2022-04-11T16:14:24 PKT" name="getBookingById" finished-at="2022-04-11T16:14:25 PKT" duration-ms="1090" status="PASS">
          <reporter-output>
          </reporter-output>
        </test-method> <!-- getBookingById -->
        <test-method signature="getBookingIds()[pri:0, instance:apiTests.BookingTest@56cdfb3b]" started-at="2022-04-11T16:14:25 PKT" name="getBookingIds" finished-at="2022-04-11T16:14:26 PKT" duration-ms="1086" status="PASS">
          <reporter-output>
          </reporter-output>
        </test-method> <!-- getBookingIds -->
        <test-method signature="getBookingIdsByCheckinCheckout()[pri:0, instance:apiTests.BookingTest@56cdfb3b]" started-at="2022-04-11T16:14:26 PKT" name="getBookingIdsByCheckinCheckout" finished-at="2022-04-11T16:14:27 PKT" duration-ms="1071" status="PASS">
          <reporter-output>
          </reporter-output>
        </test-method> <!-- getBookingIdsByCheckinCheckout -->
        <test-method signature="getBookingIdsByName()[pri:0, instance:apiTests.BookingTest@56cdfb3b]" started-at="2022-04-11T16:14:27 PKT" name="getBookingIdsByName" finished-at="2022-04-11T16:14:29 PKT" duration-ms="1109" status="PASS">
          <reporter-output>
          </reporter-output>
        </test-method> <!-- getBookingIdsByName -->
        <test-method signature="updateBooking()[pri:0, instance:apiTests.BookingTest@56cdfb3b]" started-at="2022-04-11T16:14:29 PKT" name="updateBooking" finished-at="2022-04-11T16:14:30 PKT" duration-ms="1165" status="PASS">
          <reporter-output>
          </reporter-output>
        </test-method> <!-- updateBooking -->
        <test-method signature="updatePartialBooking()[pri:0, instance:apiTests.BookingTest@56cdfb3b]" started-at="2022-04-11T16:14:30 PKT" name="updatePartialBooking" finished-at="2022-04-11T16:14:31 PKT" duration-ms="1103" status="PASS">
          <reporter-output>
          </reporter-output>
        </test-method> <!-- updatePartialBooking -->
        <test-method signature="deleteBooking()[pri:8, instance:apiTests.BookingTest@56cdfb3b]" started-at="2022-04-11T16:14:31 PKT" name="deleteBooking" finished-at="2022-04-11T16:14:33 PKT" duration-ms="2164" status="PASS">
          <reporter-output>
          </reporter-output>
        </test-method> <!-- deleteBooking -->
      </class> <!-- apiTests.BookingTest -->
    </test> <!-- Default test -->
  </suite> <!-- Default suite -->
</testng-results>
